2026-04-05 10:51:49,988 | INFO     | [API-ENGINE] | Initializing Clinical Intelligence System...
2026-04-05 10:51:51,574 | INFO     | [API-ENGINE] | Predictor model and preprocessor successfully loaded.
2026-04-05 10:51:51,574 | INFO     | [API-ENGINE] | Clinical metadata loaded. Active Model Version: 2.1.0
2026-04-05 10:52:02,243 | INFO     | [API-ENGINE] | REQ [563fd62c-6786-4f07-8a70-2f93da6d41d1] | GET / | STATUS: 200 | DUR: 0.0105s
2026-04-05 10:52:02,970 | INFO     | [API-ENGINE] | REQ [42cc8f51-4d3b-48f3-89ce-6c340c971c78] | GET /favicon.ico | STATUS: 404 | DUR: 0.0005s
2026-04-05 10:52:51,334 | INFO     | [API-ENGINE] | REQ [c7b191d4-0c04-415c-a778-a3545d7d3367] | GET /predict | STATUS: 405 | DUR: 0.0006s
2026-04-05 10:53:02,770 | INFO     | [API-ENGINE] | REQ [d7ea70da-e9b8-4fdd-a67a-39ddafd56d86] | GET /docs | STATUS: 200 | DUR: 0.0020s
2026-04-05 10:53:03,557 | INFO     | [API-ENGINE] | REQ [a6bc490a-b353-4281-b1d0-f69a1656d561] | GET /openapi.json | STATUS: 200 | DUR: 0.0245s
2026-04-05 10:53:53,181 | INFO     | [API-ENGINE] | REQ [N/A] | Inference Successful | Result: Positive (High Risk) (0.5691)
2026-04-05 10:53:53,182 | INFO     | [API-ENGINE] | REQ [dd1ea4d9-e793-413f-b1e0-c22716146ca3] | POST /predict | STATUS: 200 | DUR: 0.0310s
2026-04-05 11:28:57,161 | INFO     | [API-ENGINE] | Initializing Clinical Intelligence System...
2026-04-05 11:28:58,884 | INFO     | [API-ENGINE] | Predictor model and preprocessor successfully loaded.
2026-04-05 11:28:58,884 | INFO     | [API-ENGINE] | Clinical metadata loaded. Active Model Version: 2.1.0
2026-04-05 11:29:05,207 | INFO     | [API-ENGINE] | REQ [777bc80f-2041-4c9c-92ee-0ea1b747dea8] | GET / | STATUS: 200 | DUR: 0.0072s
2026-04-05 11:29:11,728 | INFO     | [API-ENGINE] | REQ [a0d7fc3d-effc-47c9-acfc-77849aff628b] | GET /docs | STATUS: 200 | DUR: 0.0038s
2026-04-05 11:29:12,160 | INFO     | [API-ENGINE] | REQ [a09fb5b9-74bd-44c0-9247-1af426568e1b] | GET /openapi.json | STATUS: 200 | DUR: 0.0408s
2026-04-05 13:09:42,154 | INFO     | [API-ENGINE] | Initializing Clinical Intelligence System...
2026-04-05 13:09:42,205 | INFO     | [API-ENGINE] | Predictor model and preprocessor successfully loaded.
2026-04-05 13:09:42,206 | INFO     | [API-ENGINE] | Clinical metadata loaded. Active Model Version: 1.0.0
2026-04-05 13:09:50,111 | INFO     | [API-ENGINE] | REQ [ec267e25-8081-48f7-b051-b8ee26533b54] | GET / | STATUS: 200 | DUR: 0.0078s
2026-04-05 13:09:55,442 | INFO     | [API-ENGINE] | REQ [228d5440-dbaf-46c1-852d-56631d55d746] | GET /docs | STATUS: 200 | DUR: 0.0005s
2026-04-05 13:09:55,685 | INFO     | [API-ENGINE] | REQ [d2547436-9880-4b63-881e-657a03a2523f] | GET /openapi.json | STATUS: 200 | DUR: 0.0235s
2026-04-06 15:06:50,319 | INFO     | [API-ENGINE] | Initializing Clinical Intelligence System...
2026-04-06 15:06:50,377 | INFO     | [API-ENGINE] | Predictor model and preprocessor successfully loaded.
2026-04-06 15:06:50,379 | INFO     | [API-ENGINE] | Clinical metadata loaded. Active Model Version: 2.3.0
2026-04-06 15:06:59,994 | INFO     | [API-ENGINE] | REQ [2df5c237-b51f-4acf-8787-e9ed3f0c107b] | GET /health | STATUS: 200 | DUR: 0.0016s
2026-04-06 15:07:00,218 | INFO     | [API-ENGINE] | Shutting down Clinical Intelligence System...
2026-04-06 15:07:00,231 | INFO     | [API-ENGINE] | Initializing Clinical Intelligence System...
2026-04-06 15:07:00,300 | INFO     | [API-ENGINE] | Predictor model and preprocessor successfully loaded.
2026-04-06 15:07:00,301 | INFO     | [API-ENGINE] | Clinical metadata loaded. Active Model Version: 2.3.0
2026-04-06 15:07:00,405 | INFO     | [API-ENGINE] | Shutting down Clinical Intelligence System...
2026-04-06 15:15:28,202 | INFO     | [API-ENGINE] | Initializing Clinical Intelligence System...
2026-04-06 15:15:28,242 | INFO     | [API-ENGINE] | Predictor model and preprocessor successfully loaded.
2026-04-06 15:15:28,243 | INFO     | [API-ENGINE] | Clinical metadata loaded. Active Model Version: 2.3.0
2026-04-06 15:15:32,253 | INFO     | [API-ENGINE] | REQ [7c74c050-9c3e-4772-9285-4d3b573acffd] | GET / | STATUS: 200 | DUR: 0.0031s
2026-04-06 15:15:37,115 | INFO     | [API-ENGINE] | REQ [59aaffee-2ea3-437b-9988-d9cbd58ca27b] | GET /docs | STATUS: 200 | DUR: 0.0010s
2026-04-06 15:15:37,379 | INFO     | [API-ENGINE] | REQ [429dd9ce-e084-4cc2-b67b-10a1bb09fa76] | GET /openapi.json | STATUS: 200 | DUR: 0.0278s
2026-04-06 15:15:47,690 | INFO     | [API-ENGINE] | REQ [9faebb75-54e2-4866-af92-7f92403425ab] | GET /health | STATUS: 200 | DUR: 0.0021s
2026-04-06 15:16:09,331 | ERROR    | [API-ENGINE] | EXCEPTION [N/A] | Unhandled error: [TypeError("'numpy.bool' object is not iterable"), TypeError('vars() argument must have __dict__ attribute')]
Traceback (most recent call last):
  File "/home/shahid/Desktop/new datasets/heart disease/CardioSense-AI/.venv/lib/python3.12/site-packages/fastapi/encoders.py", line 328, in jsonable_encoder
    data = dict(obj)
           ^^^^^^^^^
TypeError: 'numpy.bool' object is not iterable

During handling of the above exception, another exception occurred:

Traceback (most recent call last):
  File "/home/shahid/Desktop/new datasets/heart disease/CardioSense-AI/.venv/lib/python3.12/site-packages/fastapi/encoders.py", line 333, in jsonable_encoder
    data = vars(obj)
           ^^^^^^^^^
TypeError: vars() argument must have __dict__ attribute

The above exception was the direct cause of the following exception:

Traceback (most recent call last):
  File "/home/shahid/Desktop/new datasets/heart disease/CardioSense-AI/.venv/lib/python3.12/site-packages/starlette/middleware/errors.py", line 164, in __call__
    await self.app(scope, receive, _send)
  File "/home/shahid/Desktop/new datasets/heart disease/CardioSense-AI/.venv/lib/python3.12/site-packages/starlette/middleware/base.py", line 191, in __call__
    with recv_stream, send_stream, collapse_excgroups():
  File "/usr/lib/python3.12/contextlib.py", line 158, in __exit__
    self.gen.throw(value)
  File "/home/shahid/Desktop/new datasets/heart disease/CardioSense-AI/.venv/lib/python3.12/site-packages/starlette/_utils.py", line 87, in collapse_excgroups
    raise exc
  File "/home/shahid/Desktop/new datasets/heart disease/CardioSense-AI/.venv/lib/python3.12/site-packages/starlette/middleware/base.py", line 193, in __call__
    response = await self.dispatch_func(request, call_next)
               ^^^^^^^^^^^^^^^^^^^^^^^^^^^^^^^^^^^^^^^^^^^^
  File "/home/shahid/Desktop/new datasets/heart disease/CardioSense-AI/api/main.py", line 81, in context_and_logging_middleware
    response = await call_next(request)
               ^^^^^^^^^^^^^^^^^^^^^^^^
  File "/home/shahid/Desktop/new datasets/heart disease/CardioSense-AI/.venv/lib/python3.12/site-packages/starlette/middleware/base.py", line 168, in call_next
    raise app_exc from app_exc.__cause__ or app_exc.__context__
  File "/home/shahid/Desktop/new datasets/heart disease/CardioSense-AI/.venv/lib/python3.12/site-packages/starlette/middleware/base.py", line 144, in coro
    await self.app(scope, receive_or_disconnect, send_no_error)
  File "/home/shahid/Desktop/new datasets/heart disease/CardioSense-AI/.venv/lib/python3.12/site-packages/starlette/middleware/exceptions.py", line 63, in __call__
    await wrap_app_handling_exceptions(self.app, conn)(scope, receive, send)
  File "/home/shahid/Desktop/new datasets/heart disease/CardioSense-AI/.venv/lib/python3.12/site-packages/starlette/_exception_handler.py", line 53, in wrapped_app
    raise exc
  File "/home/shahid/Desktop/new datasets/heart disease/CardioSense-AI/.venv/lib/python3.12/site-packages/starlette/_exception_handler.py", line 42, in wrapped_app
    await app(scope, receive, sender)
  File "/home/shahid/Desktop/new datasets/heart disease/CardioSense-AI/.venv/lib/python3.12/site-packages/fastapi/middleware/asyncexitstack.py", line 18, in __call__
    await self.app(scope, receive, send)
  File "/home/shahid/Desktop/new datasets/heart disease/CardioSense-AI/.venv/lib/python3.12/site-packages/starlette/routing.py", line 660, in __call__
    await self.middleware_stack(scope, receive, send)
  File "/home/shahid/Desktop/new datasets/heart disease/CardioSense-AI/.venv/lib/python3.12/site-packages/starlette/routing.py", line 680, in app
    await route.handle(scope, receive, send)
  File "/home/shahid/Desktop/new datasets/heart disease/CardioSense-AI/.venv/lib/python3.12/site-packages/starlette/routing.py", line 276, in handle
    await self.app(scope, receive, send)
  File "/home/shahid/Desktop/new datasets/heart disease/CardioSense-AI/.venv/lib/python3.12/site-packages/fastapi/routing.py", line 134, in app
    await wrap_app_handling_exceptions(app, request)(scope, receive, send)
  File "/home/shahid/Desktop/new datasets/heart disease/CardioSense-AI/.venv/lib/python3.12/site-packages/starlette/_exception_handler.py", line 53, in wrapped_app
    raise exc
  File "/home/shahid/Desktop/new datasets/heart disease/CardioSense-AI/.venv/lib/python3.12/site-packages/starlette/_exception_handler.py", line 42, in wrapped_app
    await app(scope, receive, sender)
  File "/home/shahid/Desktop/new datasets/heart disease/CardioSense-AI/.venv/lib/python3.12/site-packages/fastapi/routing.py", line 120, in app
    response = await f(request)
               ^^^^^^^^^^^^^^^^
  File "/home/shahid/Desktop/new datasets/heart disease/CardioSense-AI/.venv/lib/python3.12/site-packages/fastapi/routing.py", line 695, in app
    content = await serialize_response(
              ^^^^^^^^^^^^^^^^^^^^^^^^^
  File "/home/shahid/Desktop/new datasets/heart disease/CardioSense-AI/.venv/lib/python3.12/site-packages/fastapi/routing.py", line 317, in serialize_response
    return jsonable_encoder(response_content)
           ^^^^^^^^^^^^^^^^^^^^^^^^^^^^^^^^^^
  File "/home/shahid/Desktop/new datasets/heart disease/CardioSense-AI/.venv/lib/python3.12/site-packages/fastapi/encoders.py", line 289, in jsonable_encoder
    encoded_value = jsonable_encoder(
                    ^^^^^^^^^^^^^^^^^
  File "/home/shahid/Desktop/new datasets/heart disease/CardioSense-AI/.venv/lib/python3.12/site-packages/fastapi/encoders.py", line 289, in jsonable_encoder
    encoded_value = jsonable_encoder(
                    ^^^^^^^^^^^^^^^^^
  File "/home/shahid/Desktop/new datasets/heart disease/CardioSense-AI/.venv/lib/python3.12/site-packages/fastapi/encoders.py", line 336, in jsonable_encoder
    raise ValueError(errors) from e
ValueError: [TypeError("'numpy.bool' object is not iterable"), TypeError('vars() argument must have __dict__ attribute')]
2026-04-06 15:16:41,804 | ERROR    | [API-ENGINE] | EXCEPTION [N/A] | Unhandled error: [TypeError("'numpy.bool' object is not iterable"), TypeError('vars() argument must have __dict__ attribute')]
Traceback (most recent call last):
  File "/home/shahid/Desktop/new datasets/heart disease/CardioSense-AI/.venv/lib/python3.12/site-packages/fastapi/encoders.py", line 328, in jsonable_encoder
    data = dict(obj)
           ^^^^^^^^^
TypeError: 'numpy.bool' object is not iterable

During handling of the above exception, another exception occurred:

Traceback (most recent call last):
  File "/home/shahid/Desktop/new datasets/heart disease/CardioSense-AI/.venv/lib/python3.12/site-packages/fastapi/encoders.py", line 333, in jsonable_encoder
    data = vars(obj)
           ^^^^^^^^^
TypeError: vars() argument must have __dict__ attribute

The above exception was the direct cause of the following exception:

Traceback (most recent call last):
  File "/home/shahid/Desktop/new datasets/heart disease/CardioSense-AI/.venv/lib/python3.12/site-packages/starlette/middleware/errors.py", line 164, in __call__
    await self.app(scope, receive, _send)
  File "/home/shahid/Desktop/new datasets/heart disease/CardioSense-AI/.venv/lib/python3.12/site-packages/starlette/middleware/base.py", line 191, in __call__
    with recv_stream, send_stream, collapse_excgroups():
  File "/usr/lib/python3.12/contextlib.py", line 158, in __exit__
    self.gen.throw(value)
  File "/home/shahid/Desktop/new datasets/heart disease/CardioSense-AI/.venv/lib/python3.12/site-packages/starlette/_utils.py", line 87, in collapse_excgroups
    raise exc
  File "/home/shahid/Desktop/new datasets/heart disease/CardioSense-AI/.venv/lib/python3.12/site-packages/starlette/middleware/base.py", line 193, in __call__
    response = await self.dispatch_func(request, call_next)
               ^^^^^^^^^^^^^^^^^^^^^^^^^^^^^^^^^^^^^^^^^^^^
  File "/home/shahid/Desktop/new datasets/heart disease/CardioSense-AI/api/main.py", line 81, in context_and_logging_middleware
    response = await call_next(request)
               ^^^^^^^^^^^^^^^^^^^^^^^^
  File "/home/shahid/Desktop/new datasets/heart disease/CardioSense-AI/.venv/lib/python3.12/site-packages/starlette/middleware/base.py", line 168, in call_next
    raise app_exc from app_exc.__cause__ or app_exc.__context__
  File "/home/shahid/Desktop/new datasets/heart disease/CardioSense-AI/.venv/lib/python3.12/site-packages/starlette/middleware/base.py", line 144, in coro
    await self.app(scope, receive_or_disconnect, send_no_error)
  File "/home/shahid/Desktop/new datasets/heart disease/CardioSense-AI/.venv/lib/python3.12/site-packages/starlette/middleware/exceptions.py", line 63, in __call__
    await wrap_app_handling_exceptions(self.app, conn)(scope, receive, send)
  File "/home/shahid/Desktop/new datasets/heart disease/CardioSense-AI/.venv/lib/python3.12/site-packages/starlette/_exception_handler.py", line 53, in wrapped_app
    raise exc
  File "/home/shahid/Desktop/new datasets/heart disease/CardioSense-AI/.venv/lib/python3.12/site-packages/starlette/_exception_handler.py", line 42, in wrapped_app
    await app(scope, receive, sender)
  File "/home/shahid/Desktop/new datasets/heart disease/CardioSense-AI/.venv/lib/python3.12/site-packages/fastapi/middleware/asyncexitstack.py", line 18, in __call__
    await self.app(scope, receive, send)
  File "/home/shahid/Desktop/new datasets/heart disease/CardioSense-AI/.venv/lib/python3.12/site-packages/starlette/routing.py", line 660, in __call__
    await self.middleware_stack(scope, receive, send)
  File "/home/shahid/Desktop/new datasets/heart disease/CardioSense-AI/.venv/lib/python3.12/site-packages/starlette/routing.py", line 680, in app
    await route.handle(scope, receive, send)
  File "/home/shahid/Desktop/new datasets/heart disease/CardioSense-AI/.venv/lib/python3.12/site-packages/starlette/routing.py", line 276, in handle
    await self.app(scope, receive, send)
  File "/home/shahid/Desktop/new datasets/heart disease/CardioSense-AI/.venv/lib/python3.12/site-packages/fastapi/routing.py", line 134, in app
    await wrap_app_handling_exceptions(app, request)(scope, receive, send)
  File "/home/shahid/Desktop/new datasets/heart disease/CardioSense-AI/.venv/lib/python3.12/site-packages/starlette/_exception_handler.py", line 53, in wrapped_app
    raise exc
  File "/home/shahid/Desktop/new datasets/heart disease/CardioSense-AI/.venv/lib/python3.12/site-packages/starlette/_exception_handler.py", line 42, in wrapped_app
    await app(scope, receive, sender)
  File "/home/shahid/Desktop/new datasets/heart disease/CardioSense-AI/.venv/lib/python3.12/site-packages/fastapi/routing.py", line 120, in app
    response = await f(request)
               ^^^^^^^^^^^^^^^^
  File "/home/shahid/Desktop/new datasets/heart disease/CardioSense-AI/.venv/lib/python3.12/site-packages/fastapi/routing.py", line 695, in app
    content = await serialize_response(
              ^^^^^^^^^^^^^^^^^^^^^^^^^
  File "/home/shahid/Desktop/new datasets/heart disease/CardioSense-AI/.venv/lib/python3.12/site-packages/fastapi/routing.py", line 317, in serialize_response
    return jsonable_encoder(response_content)
           ^^^^^^^^^^^^^^^^^^^^^^^^^^^^^^^^^^
  File "/home/shahid/Desktop/new datasets/heart disease/CardioSense-AI/.venv/lib/python3.12/site-packages/fastapi/encoders.py", line 289, in jsonable_encoder
    encoded_value = jsonable_encoder(
                    ^^^^^^^^^^^^^^^^^
  File "/home/shahid/Desktop/new datasets/heart disease/CardioSense-AI/.venv/lib/python3.12/site-packages/fastapi/encoders.py", line 289, in jsonable_encoder
    encoded_value = jsonable_encoder(
                    ^^^^^^^^^^^^^^^^^
  File "/home/shahid/Desktop/new datasets/heart disease/CardioSense-AI/.venv/lib/python3.12/site-packages/fastapi/encoders.py", line 336, in jsonable_encoder
    raise ValueError(errors) from e
ValueError: [TypeError("'numpy.bool' object is not iterable"), TypeError('vars() argument must have __dict__ attribute')]
2026-04-06 21:19:35,408 | ERROR    | [API-ENGINE] | EXCEPTION [N/A] | Unhandled error: [TypeError("'numpy.bool' object is not iterable"), TypeError('vars() argument must have __dict__ attribute')]
Traceback (most recent call last):
  File "/home/shahid/Desktop/new datasets/heart disease/CardioSense-AI/.venv/lib/python3.12/site-packages/fastapi/encoders.py", line 328, in jsonable_encoder
    data = dict(obj)
           ^^^^^^^^^
TypeError: 'numpy.bool' object is not iterable

During handling of the above exception, another exception occurred:

Traceback (most recent call last):
  File "/home/shahid/Desktop/new datasets/heart disease/CardioSense-AI/.venv/lib/python3.12/site-packages/fastapi/encoders.py", line 333, in jsonable_encoder
    data = vars(obj)
           ^^^^^^^^^
TypeError: vars() argument must have __dict__ attribute

The above exception was the direct cause of the following exception:

Traceback (most recent call last):
  File "/home/shahid/Desktop/new datasets/heart disease/CardioSense-AI/.venv/lib/python3.12/site-packages/starlette/middleware/errors.py", line 164, in __call__
    await self.app(scope, receive, _send)
  File "/home/shahid/Desktop/new datasets/heart disease/CardioSense-AI/.venv/lib/python3.12/site-packages/starlette/middleware/base.py", line 191, in __call__
    with recv_stream, send_stream, collapse_excgroups():
  File "/usr/lib/python3.12/contextlib.py", line 158, in __exit__
    self.gen.throw(value)
  File "/home/shahid/Desktop/new datasets/heart disease/CardioSense-AI/.venv/lib/python3.12/site-packages/starlette/_utils.py", line 87, in collapse_excgroups
    raise exc
  File "/home/shahid/Desktop/new datasets/heart disease/CardioSense-AI/.venv/lib/python3.12/site-packages/starlette/middleware/base.py", line 193, in __call__
    response = await self.dispatch_func(request, call_next)
               ^^^^^^^^^^^^^^^^^^^^^^^^^^^^^^^^^^^^^^^^^^^^
  File "/home/shahid/Desktop/new datasets/heart disease/CardioSense-AI/api/main.py", line 81, in context_and_logging_middleware
    response = await call_next(request)
               ^^^^^^^^^^^^^^^^^^^^^^^^
  File "/home/shahid/Desktop/new datasets/heart disease/CardioSense-AI/.venv/lib/python3.12/site-packages/starlette/middleware/base.py", line 168, in call_next
    raise app_exc from app_exc.__cause__ or app_exc.__context__
  File "/home/shahid/Desktop/new datasets/heart disease/CardioSense-AI/.venv/lib/python3.12/site-packages/starlette/middleware/base.py", line 144, in coro
    await self.app(scope, receive_or_disconnect, send_no_error)
  File "/home/shahid/Desktop/new datasets/heart disease/CardioSense-AI/.venv/lib/python3.12/site-packages/starlette/middleware/exceptions.py", line 63, in __call__
    await wrap_app_handling_exceptions(self.app, conn)(scope, receive, send)
  File "/home/shahid/Desktop/new datasets/heart disease/CardioSense-AI/.venv/lib/python3.12/site-packages/starlette/_exception_handler.py", line 53, in wrapped_app
    raise exc
  File "/home/shahid/Desktop/new datasets/heart disease/CardioSense-AI/.venv/lib/python3.12/site-packages/starlette/_exception_handler.py", line 42, in wrapped_app
    await app(scope, receive, sender)
  File "/home/shahid/Desktop/new datasets/heart disease/CardioSense-AI/.venv/lib/python3.12/site-packages/fastapi/middleware/asyncexitstack.py", line 18, in __call__
    await self.app(scope, receive, send)
  File "/home/shahid/Desktop/new datasets/heart disease/CardioSense-AI/.venv/lib/python3.12/site-packages/starlette/routing.py", line 660, in __call__
    await self.middleware_stack(scope, receive, send)
  File "/home/shahid/Desktop/new datasets/heart disease/CardioSense-AI/.venv/lib/python3.12/site-packages/starlette/routing.py", line 680, in app
    await route.handle(scope, receive, send)
  File "/home/shahid/Desktop/new datasets/heart disease/CardioSense-AI/.venv/lib/python3.12/site-packages/starlette/routing.py", line 276, in handle
    await self.app(scope, receive, send)
  File "/home/shahid/Desktop/new datasets/heart disease/CardioSense-AI/.venv/lib/python3.12/site-packages/fastapi/routing.py", line 134, in app
    await wrap_app_handling_exceptions(app, request)(scope, receive, send)
  File "/home/shahid/Desktop/new datasets/heart disease/CardioSense-AI/.venv/lib/python3.12/site-packages/starlette/_exception_handler.py", line 53, in wrapped_app
    raise exc
  File "/home/shahid/Desktop/new datasets/heart disease/CardioSense-AI/.venv/lib/python3.12/site-packages/starlette/_exception_handler.py", line 42, in wrapped_app
    await app(scope, receive, sender)
  File "/home/shahid/Desktop/new datasets/heart disease/CardioSense-AI/.venv/lib/python3.12/site-packages/fastapi/routing.py", line 120, in app
    response = await f(request)
               ^^^^^^^^^^^^^^^^
  File "/home/shahid/Desktop/new datasets/heart disease/CardioSense-AI/.venv/lib/python3.12/site-packages/fastapi/routing.py", line 695, in app
    content = await serialize_response(
              ^^^^^^^^^^^^^^^^^^^^^^^^^
  File "/home/shahid/Desktop/new datasets/heart disease/CardioSense-AI/.venv/lib/python3.12/site-packages/fastapi/routing.py", line 317, in serialize_response
    return jsonable_encoder(response_content)
           ^^^^^^^^^^^^^^^^^^^^^^^^^^^^^^^^^^
  File "/home/shahid/Desktop/new datasets/heart disease/CardioSense-AI/.venv/lib/python3.12/site-packages/fastapi/encoders.py", line 289, in jsonable_encoder
    encoded_value = jsonable_encoder(
                    ^^^^^^^^^^^^^^^^^
  File "/home/shahid/Desktop/new datasets/heart disease/CardioSense-AI/.venv/lib/python3.12/site-packages/fastapi/encoders.py", line 289, in jsonable_encoder
    encoded_value = jsonable_encoder(
                    ^^^^^^^^^^^^^^^^^
  File "/home/shahid/Desktop/new datasets/heart disease/CardioSense-AI/.venv/lib/python3.12/site-packages/fastapi/encoders.py", line 336, in jsonable_encoder
    raise ValueError(errors) from e
ValueError: [TypeError("'numpy.bool' object is not iterable"), TypeError('vars() argument must have __dict__ attribute')]
2026-04-06 21:21:22,165 | ERROR    | [API-ENGINE] | EXCEPTION [N/A] | Unhandled error: [TypeError("'numpy.bool' object is not iterable"), TypeError('vars() argument must have __dict__ attribute')]
Traceback (most recent call last):
  File "/home/shahid/Desktop/new datasets/heart disease/CardioSense-AI/.venv/lib/python3.12/site-packages/fastapi/encoders.py", line 328, in jsonable_encoder
    data = dict(obj)
           ^^^^^^^^^
TypeError: 'numpy.bool' object is not iterable

During handling of the above exception, another exception occurred:

Traceback (most recent call last):
  File "/home/shahid/Desktop/new datasets/heart disease/CardioSense-AI/.venv/lib/python3.12/site-packages/fastapi/encoders.py", line 333, in jsonable_encoder
    data = vars(obj)
           ^^^^^^^^^
TypeError: vars() argument must have __dict__ attribute

The above exception was the direct cause of the following exception:

Traceback (most recent call last):
  File "/home/shahid/Desktop/new datasets/heart disease/CardioSense-AI/.venv/lib/python3.12/site-packages/starlette/middleware/errors.py", line 164, in __call__
    await self.app(scope, receive, _send)
  File "/home/shahid/Desktop/new datasets/heart disease/CardioSense-AI/.venv/lib/python3.12/site-packages/starlette/middleware/base.py", line 191, in __call__
    with recv_stream, send_stream, collapse_excgroups():
  File "/usr/lib/python3.12/contextlib.py", line 158, in __exit__
    self.gen.throw(value)
  File "/home/shahid/Desktop/new datasets/heart disease/CardioSense-AI/.venv/lib/python3.12/site-packages/starlette/_utils.py", line 87, in collapse_excgroups
    raise exc
  File "/home/shahid/Desktop/new datasets/heart disease/CardioSense-AI/.venv/lib/python3.12/site-packages/starlette/middleware/base.py", line 193, in __call__
    response = await self.dispatch_func(request, call_next)
               ^^^^^^^^^^^^^^^^^^^^^^^^^^^^^^^^^^^^^^^^^^^^
  File "/home/shahid/Desktop/new datasets/heart disease/CardioSense-AI/api/main.py", line 81, in context_and_logging_middleware
    response = await call_next(request)
               ^^^^^^^^^^^^^^^^^^^^^^^^
  File "/home/shahid/Desktop/new datasets/heart disease/CardioSense-AI/.venv/lib/python3.12/site-packages/starlette/middleware/base.py", line 168, in call_next
    raise app_exc from app_exc.__cause__ or app_exc.__context__
  File "/home/shahid/Desktop/new datasets/heart disease/CardioSense-AI/.venv/lib/python3.12/site-packages/starlette/middleware/base.py", line 144, in coro
    await self.app(scope, receive_or_disconnect, send_no_error)
  File "/home/shahid/Desktop/new datasets/heart disease/CardioSense-AI/.venv/lib/python3.12/site-packages/starlette/middleware/exceptions.py", line 63, in __call__
    await wrap_app_handling_exceptions(self.app, conn)(scope, receive, send)
  File "/home/shahid/Desktop/new datasets/heart disease/CardioSense-AI/.venv/lib/python3.12/site-packages/starlette/_exception_handler.py", line 53, in wrapped_app
    raise exc
  File "/home/shahid/Desktop/new datasets/heart disease/CardioSense-AI/.venv/lib/python3.12/site-packages/starlette/_exception_handler.py", line 42, in wrapped_app
    await app(scope, receive, sender)
  File "/home/shahid/Desktop/new datasets/heart disease/CardioSense-AI/.venv/lib/python3.12/site-packages/fastapi/middleware/asyncexitstack.py", line 18, in __call__
    await self.app(scope, receive, send)
  File "/home/shahid/Desktop/new datasets/heart disease/CardioSense-AI/.venv/lib/python3.12/site-packages/starlette/routing.py", line 660, in __call__
    await self.middleware_stack(scope, receive, send)
  File "/home/shahid/Desktop/new datasets/heart disease/CardioSense-AI/.venv/lib/python3.12/site-packages/starlette/routing.py", line 680, in app
    await route.handle(scope, receive, send)
  File "/home/shahid/Desktop/new datasets/heart disease/CardioSense-AI/.venv/lib/python3.12/site-packages/starlette/routing.py", line 276, in handle
    await self.app(scope, receive, send)
  File "/home/shahid/Desktop/new datasets/heart disease/CardioSense-AI/.venv/lib/python3.12/site-packages/fastapi/routing.py", line 134, in app
    await wrap_app_handling_exceptions(app, request)(scope, receive, send)
  File "/home/shahid/Desktop/new datasets/heart disease/CardioSense-AI/.venv/lib/python3.12/site-packages/starlette/_exception_handler.py", line 53, in wrapped_app
    raise exc
  File "/home/shahid/Desktop/new datasets/heart disease/CardioSense-AI/.venv/lib/python3.12/site-packages/starlette/_exception_handler.py", line 42, in wrapped_app
    await app(scope, receive, sender)
  File "/home/shahid/Desktop/new datasets/heart disease/CardioSense-AI/.venv/lib/python3.12/site-packages/fastapi/routing.py", line 120, in app
    response = await f(request)
               ^^^^^^^^^^^^^^^^
  File "/home/shahid/Desktop/new datasets/heart disease/CardioSense-AI/.venv/lib/python3.12/site-packages/fastapi/routing.py", line 695, in app
    content = await serialize_response(
              ^^^^^^^^^^^^^^^^^^^^^^^^^
  File "/home/shahid/Desktop/new datasets/heart disease/CardioSense-AI/.venv/lib/python3.12/site-packages/fastapi/routing.py", line 317, in serialize_response
    return jsonable_encoder(response_content)
           ^^^^^^^^^^^^^^^^^^^^^^^^^^^^^^^^^^
  File "/home/shahid/Desktop/new datasets/heart disease/CardioSense-AI/.venv/lib/python3.12/site-packages/fastapi/encoders.py", line 289, in jsonable_encoder
    encoded_value = jsonable_encoder(
                    ^^^^^^^^^^^^^^^^^
  File "/home/shahid/Desktop/new datasets/heart disease/CardioSense-AI/.venv/lib/python3.12/site-packages/fastapi/encoders.py", line 289, in jsonable_encoder
    encoded_value = jsonable_encoder(
                    ^^^^^^^^^^^^^^^^^
  File "/home/shahid/Desktop/new datasets/heart disease/CardioSense-AI/.venv/lib/python3.12/site-packages/fastapi/encoders.py", line 336, in jsonable_encoder
    raise ValueError(errors) from e
ValueError: [TypeError("'numpy.bool' object is not iterable"), TypeError('vars() argument must have __dict__ attribute')]
2026-04-06 21:21:39,044 | INFO     | [API-ENGINE] | Shutting down Clinical Intelligence System...
2026-04-06 21:21:57,116 | INFO     | [API-ENGINE] | Initializing Clinical Intelligence System...
2026-04-06 21:21:57,164 | INFO     | [API-ENGINE] | Predictor model and preprocessor successfully loaded.
2026-04-06 21:21:57,166 | INFO     | [API-ENGINE] | Clinical metadata loaded. Active Model Version: 2.3.0
2026-04-06 21:22:05,546 | INFO     | [API-ENGINE] | REQ [b2f78161-1437-420c-a1eb-c27fabdfbb2e] | GET / | STATUS: 200 | DUR: 0.0030s
2026-04-06 21:22:09,864 | INFO     | [API-ENGINE] | REQ [305ffee9-a013-4380-a28f-7a3eaf0588ed] | GET /docs | STATUS: 200 | DUR: 0.0004s
2026-04-06 21:22:10,081 | INFO     | [API-ENGINE] | REQ [e206593e-d4ea-4a5e-92fb-b1fd18c1fc5b] | GET /openapi.json | STATUS: 200 | DUR: 0.0180s
2026-04-06 21:22:18,632 | INFO     | [API-ENGINE] | REQ [39751c2f-209d-4730-a0a4-0837150ae755] | GET /health | STATUS: 200 | DUR: 0.0020s
2026-04-06 21:22:35,605 | INFO     | [API-ENGINE] | REQ [b1925b6f-7680-470c-89a4-ae78ce9c1f7c] | GET /monitoring/status | STATUS: 200 | DUR: 0.5281s
2026-04-06 21:23:03,067 | INFO     | [API-ENGINE] | Shutting down Clinical Intelligence System...
2026-04-11 11:24:58,739 | INFO     | [API-ENGINE] | Initializing Clinical Intelligence System...
2026-04-11 11:24:58,777 | INFO     | [API-ENGINE] | Predictor model and preprocessor successfully loaded.
2026-04-11 11:24:58,778 | INFO     | [API-ENGINE] | Clinical metadata loaded. Active Model Version: 2.4.0
2026-04-11 11:25:05,575 | INFO     | [API-ENGINE] | REQ [fdab21b0-bef9-4eda-bd57-f187ff0b3441] | GET / | STATUS: 200 | DUR: 0.0041s
2026-04-11 11:25:06,283 | INFO     | [API-ENGINE] | REQ [7c1ce280-1cbf-455b-8087-57a27827cf74] | GET /favicon.ico | STATUS: 404 | DUR: 0.0005s
2026-04-11 11:25:11,432 | INFO     | [API-ENGINE] | REQ [0df41d96-6591-4aa3-8a81-9a70c28ada4c] | GET /docs | STATUS: 200 | DUR: 0.0005s
2026-04-11 11:25:12,193 | INFO     | [API-ENGINE] | REQ [1e75a09c-be4d-4f92-9ef7-b69c598e5d46] | GET /openapi.json | STATUS: 200 | DUR: 0.0169s
2026-04-11 11:25:27,862 | INFO     | [API-ENGINE] | Shutting down Clinical Intelligence System...
